<?xml version="1.0" encoding="UTF-8"?>
<!-- Generated by org.testng.reporters.JUnitXMLReporter -->
<testsuite ignored="0" hostname="DESKTOP-IE755DU" failures="0" tests="4" name="Default test" time="5.726" errors="0" timestamp="2021-04-24T14:24:23 IST">
  <testcase classname="serviceRequest.postTest" name="getResponseLoginSsuccessFulPostTest" time="3.469"/>
  <testcase classname="serviceRequest.postTest" name="getResponseLoginUnsuccessFulPostTest" time="0.533"/>
  <testcase classname="serviceRequest.postTest" name="verifyLoginSuccessFulPostTest" time="1.173"/>
  <testcase classname="serviceRequest.postTest" name="verifyLoginUnsuccessFulPostTest" time="0.47"/>
</testsuite> <!-- Default test -->
