<?xml version="1.0" encoding="UTF-8"?>
<!-- Generated by org.testng.reporters.JUnitXMLReporter -->
<testsuite ignored="0" hostname="DESKTOP-IE755DU" failures="0" tests="14" name="Test" time="10.689" errors="0" timestamp="2021-04-24T14:26:48 IST">
  <testcase classname="serviceRequest.getTest" name="getResponseDataSingleUser" time="3.367"/>
  <testcase classname="serviceRequest.getTest" name="getResponseDataTest1" time="0.198"/>
  <testcase classname="serviceRequest.getTest" name="getResponseDataTest2" time="1.064"/>
  <testcase classname="serviceRequest.getTest" name="verifyResponseStatus" time="0.206"/>
  <testcase classname="serviceRequest.getTest" name="verifyResponseStatusSingleUser" time="0.196"/>
  <testcase classname="serviceRequest.postTest" name="getResponseLoginSsuccessFulPostTest" time="0.823"/>
  <testcase classname="serviceRequest.postTest" name="getResponseLoginUnsuccessFulPostTest" time="0.456"/>
  <testcase classname="serviceRequest.postTest" name="verifyLoginSuccessFulPostTest" time="1.247"/>
  <testcase classname="serviceRequest.postTest" name="verifyLoginUnsuccessFulPostTest" time="0.566"/>
  <testcase classname="serviceRequest.putTest" name="getResponseUpdateUserPutTest" time="0.533"/>
  <testcase classname="serviceRequest.putTest" name="verifyUpdateUserPutTest" time="0.538"/>
  <testcase classname="serviceRequest.patchTest" name="getResponseUpdateUserPatchTest" time="0.479"/>
  <testcase classname="serviceRequest.patchTest" name="verifyUpdateUserPatchTest" time="0.462"/>
  <testcase classname="serviceRequest.deleteTest" name="deleteUserTest" time="0.463"/>
</testsuite> <!-- Test -->
